[26-Feb-2024 09:46:25 UTC]   ,Error occurred in file: /var/www/html/osticket/upload/scp/login.php at line: 135
[26-Feb-2024 09:53:35 UTC]   ,Error occurred in file: /var/www/html/osticket/upload/scp/login.php at line: 135
[26-Feb-2024 09:54:16 UTC]   ,Error occurred in file: /var/www/html/osticket/upload/scp/login.php at line: 135
[26-Feb-2024 10:17:42 UTC] Either user ID or email must be provided in request
*[AA2E3EC8CF331C707F05549CC664D1F9]*
  ,Warning occurred in file: /var/www/html/osticket/upload/include/class.api.php at line: 386
[26-Feb-2024 10:18:20 UTC] Either user ID or email must be provided in request
*[AA2E3EC8CF331C707F05549CC664D1F9]*
  ,Warning occurred in file: /var/www/html/osticket/upload/include/class.api.php at line: 386
[26-Feb-2024 10:19:17 UTC] Either user ID or email must be provided in request
*[AA2E3EC8CF331C707F05549CC664D1F9]*
  ,Warning occurred in file: /var/www/html/osticket/upload/include/class.api.php at line: 386

[26-Feb-2024 10:19:25 UTC] Either user ID or email must be provided in request
*[AA2E3EC8CF331C707F05549CC664D1F9]*
  ,Warning occurred in file: /var/www/html/osticket/upload/include/class.api.php at line: 386

[26-Feb-2024 10:19:42 UTC] Either user ID or email must be provided in request
*[AA2E3EC8CF331C707F05549CC664D1F9]*
  ,Warning occurred in file: /var/www/html/osticket/upload/include/class.api.php at line: 386

[26-Feb-2024 10:19:47 UTC] Either user ID or email must be provided in request
*[AA2E3EC8CF331C707F05549CC664D1F9]*
  ,Warning occurred in file: /var/www/html/osticket/upload/include/class.api.php at line: 386

[26-Feb-2024 10:21:22 UTC]   ,Error occurred in file: /var/www/html/osticket/upload/scp/login.php at line: 135
[26-Feb-2024 10:21:38 UTC] Password reset was attempted for agent: member 1<br><br>
                Requested-User-Id: member1@yopmail.com<br>
                Source-Ip: 127.0.0.1<br>
                Email-Sent-To: member1@yopmail.com<br>
                Email-Sent-Via: alerts@droom.in  ,Warning occurred in file: /var/www/html/osticket/upload/include/class.staff.php at line: 1128

[26-Feb-2024 10:22:58 UTC]   ,Error occurred in file: /var/www/html/osticket/upload/scp/login.php at line: 135
[26-Feb-2024 10:40:11 UTC]   ,Error occurred in file: /var/www/html/osticket/upload/scp/login.php at line: 135
[26-Feb-2024 10:40:33 UTC] Password reset was attempted for agent: member 1<br><br>
                Requested-User-Id: member1@yopmail.com<br>
                Source-Ip: 127.0.0.1<br>
                Email-Sent-To: member1@yopmail.com<br>
                Email-Sent-Via: alerts@droom.in  ,Warning occurred in file: /var/www/html/osticket/upload/include/class.staff.php at line: 1128

[26-Feb-2024 10:40:33 UTC] Unable to email via php mail function:member1@yopmail.com

mail() returned failure
 , Error occurred in file: /var/www/html/osticket/upload/include/class.mailer.php at line: 622

[26-Feb-2024 10:42:17 UTC]   ,Error occurred in file: /var/www/html/osticket/upload/scp/login.php at line: 135
[26-Feb-2024 10:42:32 UTC] Password reset was attempted for agent: member 1<br><br>
                Requested-User-Id: member1@yopmail.com<br>
                Source-Ip: 127.0.0.1<br>
                Email-Sent-To: member1@yopmail.com<br>
                Email-Sent-Via: alerts@droom.in  ,Warning occurred in file: /var/www/html/osticket/upload/include/class.staff.php at line: 1128

[26-Feb-2024 10:42:32 UTC] Unable to email via php mail function:member1@yopmail.com

mail() returned failure
 , Error occurred in file: /var/www/html/osticket/upload/include/class.mailer.php at line: 622

[26-Feb-2024 10:44:46 UTC]   ,Error occurred in file: /var/www/html/osticket/upload/scp/login.php at line: 135
[26-Feb-2024 10:44:54 UTC] Username: member1
IP: 127.0.0.1
Time: Feb 26, 2024, 10:44 am UTC

Attempts: 3  ,Warning occurred in file: /var/www/html/osticket/upload/include/class.auth.php at line: 1015

[26-Feb-2024 10:45:00 UTC] Password reset was attempted for agent: member 1<br><br>
                Requested-User-Id: member1@yopmail.com<br>
                Source-Ip: 127.0.0.1<br>
                Email-Sent-To: member1@yopmail.com<br>
                Email-Sent-Via: alerts@droom.in  ,Warning occurred in file: /var/www/html/osticket/upload/include/class.staff.php at line: 1128

[26-Feb-2024 10:45:00 UTC] Unable to email via php mail function:member1@yopmail.com

mail() returned failure
 , Error occurred in file: /var/www/html/osticket/upload/include/class.mailer.php at line: 622
[26-Feb-2024 10:45:35 UTC]   ,Error occurred in file: /var/www/html/osticket/upload/scp/login.php at line: 135
[26-Feb-2024 10:45:46 UTC] Password reset was attempted for agent: member 1<br><br>
                Requested-User-Id: member1@yopmail.com<br>
                Source-Ip: 127.0.0.1<br>
                Email-Sent-To: member1@yopmail.com<br>
                Email-Sent-Via: alerts@droom.in  ,Warning occurred in file: /var/www/html/osticket/upload/include/class.staff.php at line: 1128

[26-Feb-2024 10:45:50 UTC] Password reset was attempted for agent: member 1<br><br>
                Requested-User-Id: member1@yopmail.com<br>
                Source-Ip: 127.0.0.1<br>
                Email-Sent-To: member1@yopmail.com<br>
                Email-Sent-Via: alerts@droom.in  ,Warning occurred in file: /var/www/html/osticket/upload/include/class.staff.php at line: 1128

[26-Feb-2024 10:45:53 UTC] Password reset was attempted for agent: member 1<br><br>
                Requested-User-Id: member1@yopmail.com<br>
                Source-Ip: 127.0.0.1<br>
                Email-Sent-To: member1@yopmail.com<br>
                Email-Sent-Via: alerts@droom.in  ,Warning occurred in file: /var/www/html/osticket/upload/include/class.staff.php at line: 1128

[26-Feb-2024 10:45:53 UTC] Password reset was attempted for agent: member 1<br><br>
                Requested-User-Id: member1@yopmail.com<br>
                Source-Ip: 127.0.0.1<br>
                Email-Sent-To: member1@yopmail.com<br>
                Email-Sent-Via: alerts@droom.in  ,Warning occurred in file: /var/www/html/osticket/upload/include/class.staff.php at line: 1128

[26-Feb-2024 10:45:54 UTC] Password reset was attempted for agent: member 1<br><br>
                Requested-User-Id: member1@yopmail.com<br>
                Source-Ip: 127.0.0.1<br>
                Email-Sent-To: member1@yopmail.com<br>
                Email-Sent-Via: alerts@droom.in  ,Warning occurred in file: /var/www/html/osticket/upload/include/class.staff.php at line: 1128

[26-Feb-2024 11:05:10 UTC]   ,Error occurred in file: /var/www/html/osticket/upload/scp/login.php at line: 135
[26-Feb-2024 11:16:25 UTC]   ,Error occurred in file: /var/www/html/osticket/upload/scp/login.php at line: 135
[26-Feb-2024 11:16:59 UTC]   ,Error occurred in file: /var/www/html/osticket/upload/scp/login.php at line: 135
[26-Feb-2024 11:38:30 UTC]   ,Error occurred in file: /var/www/html/osticket/upload/scp/login.php at line: 135
[26-Feb-2024 13:25:32 UTC]   ,Error occurred in file: /var/www/html/osticket/upload/scp/login.php at line: 135
[26-Feb-2024 13:25:45 UTC]   ,Error occurred in file: /var/www/html/osticket/upload/scp/login.php at line: 135
[26-Feb-2024 17:06:35 UTC]   ,Error occurred in file: /var/www/html/osticket/upload/scp/login.php at line: 135
[26-Feb-2024 17:06:47 UTC] Must login: Authentication Required  ,Error occurred in file: /var/www/html/osticket/upload/scp/ajax.php at line: 20
[26-Feb-2024 17:06:49 UTC]   ,Error occurred in file: /var/www/html/osticket/upload/scp/login.php at line: 135
[26-Feb-2024 17:16:04 UTC]   ,Error occurred in file: /var/www/html/osticket/upload/scp/login.php at line: 135
[27-Feb-2024 05:05:16 UTC] Must login: Authentication Required  ,Error occurred in file: /var/www/html/osticket/upload/scp/ajax.php at line: 20
[27-Feb-2024 05:05:17 UTC]   ,Error occurred in file: /var/www/html/osticket/upload/scp/login.php at line: 135
[27-Feb-2024 05:05:32 UTC]   ,Error occurred in file: /var/www/html/osticket/upload/scp/login.php at line: 135
[27-Feb-2024 06:38:15 UTC]   ,Error occurred in file: /var/www/html/osticket/upload/scp/login.php at line: 135
[27-Feb-2024 06:38:15 UTC]   ,Error occurred in file: /var/www/html/osticket/upload/scp/login.php at line: 135
[27-Feb-2024 08:07:30 UTC] No such ticket  ,Error occurred in file: /var/www/html/osticket/upload/include/ajax.tickets.php at line: 244
[27-Feb-2024 08:07:48 UTC] No such ticket  ,Error occurred in file: /var/www/html/osticket/upload/include/ajax.tickets.php at line: 244
[27-Feb-2024 08:12:54 UTC] No such ticket  ,Error occurred in file: /var/www/html/osticket/upload/include/ajax.tickets.php at line: 244
[27-Feb-2024 08:13:13 UTC] No such ticket  ,Error occurred in file: /var/www/html/osticket/upload/include/ajax.tickets.php at line: 244
